C51 COMPILER V9.01   JUZHEN                                                                05/28/2017 09:03:29 PAGE 1   


C51 COMPILER V9.01, COMPILATION OF MODULE JUZHEN
OBJECT MODULE PLACED IN juzhen.OBJ
COMPILER INVOKED BY: D:\keil4\C51\BIN\C51.EXE juzhen.c BROWSE DEBUG OBJECTEXTEND

line level    source

   1          #include<reg51.h>
   2          
   3          unsigned char code table[]={
   4          0x3f,0x06,0x5b,0x4f,
   5          0x66,0x6d,0x7d,0x07,
   6          0x7f,0x6f
   7          };
   8          
   9          void keyscan();
  10          void display(int num);
  11          void delay(int c);
  12          
  13          int ankey,flag,num=0;
  14          sbit beep=P2^5;
  15          sbit lsa=P2^0;
  16          sbit lsb=P2^1;
  17          sbit lsc=P2^2;
  18          
  19          void main()
  20          {
  21   1              TMOD=0X11;
  22   1              TH0=(65536-50000)/256;
  23   1              TL0=(65536-50000)%256;
  24   1              TH1=0XFD;
  25   1              TL1=0XFD;
  26   1              EA=1;
  27   1              ET0=1;
  28   1              ET1=1;
  29   1              TR0=0;
  30   1              TR1=1;
  31   1              while(1)
  32   1              {
  33   2                      if(ankey==9)
  34   2                      {
  35   3                              TR0=1;
  36   3                              display(num);
  37   3                      }
  38   2                      if(ankey==2)
  39   2                      {
  40   3                              num=0;
  41   3                              while(ankey==2)
  42   3                              {
  43   4                                      beep=1;
  44   4                                      delay(3);
  45   4                                      beep=0;
  46   4                                      delay(3);
  47   4                              }
  48   3                      }
  49   2              }
  50   1      }
  51          void time1() interrupt 1
  52          {
  53   1              TH0=(65536-50000)/256;
  54   1              TL0=(65536-50000)%256;
  55   1              flag++;
C51 COMPILER V9.01   JUZHEN                                                                05/28/2017 09:03:29 PAGE 2   

  56   1              if(flag==20)
  57   1              {
  58   2                       num++;
  59   2                       if(num==60)
  60   2                       {
  61   3                              num=0;
  62   3                       }
  63   2                       flag=0;
  64   2              }
  65   1      }
  66          
  67          void time2() interrupt 3
  68          {
  69   1              TH1=0XFD;
  70   1              TL1=0XFD;
  71   1              keyscan();      
  72   1      }
  73          
  74          void display(int num)
  75          {
  76   1              unsigned char j;
  77   1              int shi,ge;
  78   1              shi=num/10;
  79   1              ge=num%10;
  80   1              lsa=1;lsb=0;lsc=0;
  81   1              P0=table[ge];
  82   1              j=10;
  83   1              while(j--);
  84   1              P0=0x00;        
  85   1              lsa=0;lsb=0;lsc=0;
  86   1              P0=table[shi];
  87   1               j=10;
  88   1              while(j--);
  89   1              P0=0x00;                        
  90   1      }
  91          
  92          
  93          void keyscan()
  94          {
  95   1              unsigned char temp;
  96   1              P1=0xfe;                                                  // L1-L4:P10-P13       R1-R4:P14-P17
  97   1              temp=P1;
  98   1              temp=temp&0xf0;
  99   1              if(temp!=0xf0)
 100   1              {
 101   2                      temp=P1;                                         //P1=0xfe;第一排
 102   2                      switch(temp)
 103   2                      {                                                //0xfd  第二排
 104   3                              case 0xee:ankey=0;break;//1               //0xfb  san
 105   3                              case 0xde:ankey=1;break;//2
 106   3                              case 0xbe:ankey=2;break;//3                   //0xf7   si
 107   3                              case 0x7e:ankey=3;break;//4
 108   3                      }
 109   2                      while(temp!=0xf0)
 110   2                      {
 111   3                              temp=P1;
 112   3                              temp=temp&0xf0;
 113   3                      }
 114   2              }
 115   1      
 116   1              P1=0xfd;                                                  // L1-L4:P10-P13       R1-R4:P14-P17
 117   1              temp=P1;
C51 COMPILER V9.01   JUZHEN                                                                05/28/2017 09:03:29 PAGE 3   

 118   1              temp=temp&0xf0;
 119   1              if(temp!=0xf0)
 120   1              {
 121   2                      temp=P1;                                         //P1=0xfe;第一排
 122   2                      switch(temp)
 123   2                      {                                                //0xfd  第二排
 124   3                              case 0xed:ankey=4;break;//1               //0xfb  san
 125   3                              case 0xdd:ankey=5;break;//2
 126   3                              case 0xbd:ankey=6;break;//3                   //0xf7   si
 127   3                              case 0x7d:ankey=7;break;//4
 128   3                      }
 129   2                      while(temp!=0xf0)
 130   2                      {
 131   3                              temp=P1;
 132   3                              temp=temp&0xf0;
 133   3                      }
 134   2              }
 135   1      
 136   1      
 137   1              P1=0xfb;                                                  // L1-L4:P10-P13       R1-R4:P14-P17
 138   1              temp=P1;
 139   1              temp=temp&0xf0;
 140   1              if(temp!=0xf0)
 141   1              {
 142   2                      temp=P1;                                         //P1=0xfe;第一排
 143   2                      switch(temp)
 144   2                      {                                                //0xfd  第二排
 145   3                              case 0xeb:ankey=8;break;//1               //0xfb  san
 146   3                              case 0xdb:ankey=9;break;//2
 147   3                              case 0xbb:ankey=10;break;//3                   //0xf7   si
 148   3                              case 0x7b:ankey=11;break;//4
 149   3                      }
 150   2                      while(temp!=0xf0)
 151   2                      {
 152   3                              temp=P1;
 153   3                              temp=temp&0xf0;
 154   3                      }
 155   2              }
 156   1      
 157   1              P1=0xf7;                                                  // L1-L4:P10-P13       R1-R4:P14-P17
 158   1              temp=P1;
 159   1              temp=temp&0xf0;
 160   1              if(temp!=0xf0)
 161   1              {
 162   2                      temp=P1;                                         //P1=0xfe;第一排
 163   2                      switch(temp)
 164   2                      {                                                //0xfd  第二排
 165   3                              case 0xe7:ankey=12;break;//1               //0xfb  san
 166   3                              case 0xd7:ankey=13;break;//2
 167   3                              case 0xb7:ankey=14;break;//3                   //0xf7   si
 168   3                              case 0x77:ankey=15;break;//4
 169   3                      }
 170   2                      while(temp!=0xf0)
 171   2                      {
 172   3                              temp=P1;
 173   3                              temp=temp&0xf0;
 174   3                      }
 175   2              }
 176   1      }
 177          
 178          void delay(int c)
 179          {
C51 COMPILER V9.01   JUZHEN                                                                05/28/2017 09:03:29 PAGE 4   

 180   1              int a,b;
 181   1              for(a=c;a>0;a--)
 182   1                      for(b=110;b>0;b--);
 183   1      }


MODULE INFORMATION:   STATIC OVERLAYABLE
   CODE SIZE        =    642    ----
   CONSTANT SIZE    =     10    ----
   XDATA SIZE       =   ----    ----
   PDATA SIZE       =   ----    ----
   DATA SIZE        =      6       3
   IDATA SIZE       =   ----    ----
   BIT SIZE         =   ----    ----
END OF MODULE INFORMATION.


C51 COMPILATION COMPLETE.  0 WARNING(S),  0 ERROR(S)
