C51 COMPILER V9.01   CHUANKOU                                                              05/30/2017 19:50:17 PAGE 1   


C51 COMPILER V9.01, COMPILATION OF MODULE CHUANKOU
OBJECT MODULE PLACED IN chuankou.OBJ
COMPILER INVOKED BY: D:\keil4\C51\BIN\C51.EXE chuankou.c BROWSE DEBUG OBJECTEXTEND

line level    source

   1          #include <reg51.h>
   2          #include <intrins.h>
   3          #define uchar unsigned char 
   4          #define uint unsigned int
   5          
   6          unsigned char flag,a,i,x,miao=0,temp=0,aa;
   7          int num;
   8          sbit lsa=P2^0;
   9          sbit lsb=P2^1;
  10          sbit lsc=P2^2;
  11          unsigned char  code duan[]={0xfe,0xfd,0xfb,0xf7};
  12          unsigned char  code wei[]={0x3f,0x06,0x5b,0x4f,
  13                                  0x66,0x6d,0x7d,0x07,
  14                                  0x7f,0x6f,0x77,0x7c,
  15                                  0x39,0x5e,0x79,0x71}; //记得取反                  数码管
  16          unsigned char code table1[]="秒表";
  17          unsigned char code table3[]="流水灯";
  18          unsigned char code table2[]="0123456789";
  19          unsigned char jieshou[3];
  20          unsigned char code table[]={
  21          0x3f,0x06,0x5b,0x4f,
  22          0x66,0x6d,0x7d,0x07,
  23          0x7f,0x6f
  24          };
  25          
  26          void init_chuankou();
  27          void display(int num);
  28          void delay(int c);
  29          
  30          void main()
  31          {
  32   1              init_chuankou();
  33   1              TH0=(65536-50000)/256;
  34   1              TL0=(65536-50000)%256;
  35   1              EA=1;
  36   1              ET0=1;
  37   1         while(1)
  38   1         {
  39   2                      if(flag==1)
  40   2                      {
  41   3                              ES=0;
  42   3                              if(jieshou[1]=='0'&&jieshou[2]=='1')
  43   3                              {
  44   4                                      for(i=0;i<4;i++)
  45   4                                      {
  46   5                                              SBUF=table1[i];
  47   5                                              while(!TI);
  48   5                                              TI=0;
  49   5                                      }
  50   4                                      TR0=1;
  51   4                                      while(jieshou[1]=='0'&&jieshou[2]=='1')
  52   4                                      {
  53   5                                              display(num);
  54   5                                              ES=1;
  55   5                                      }
C51 COMPILER V9.01   CHUANKOU                                                              05/30/2017 19:50:17 PAGE 2   

  56   4                                      num=0;
  57   4                                      TR0=0;
  58   4                                      ES=0;
  59   4                              }
  60   3                              if(jieshou[1]=='0'&&jieshou[2]=='2')
  61   3                              {
  62   4                                      for(i=0;i<6;i++)
  63   4                                      {
  64   5                                              SBUF=table3[i];
  65   5                                              while(!TI);
  66   5                                              TI=0;
  67   5                                      }
  68   4                                      aa=0x01;
  69   4                                      while(jieshou[1]=='0'&&jieshou[2]=='2')
  70   4                                      {
  71   5                                              P1=aa;
  72   5                                              aa=_crol_(aa,1);
  73   5                                              delay(500);
  74   5                                              ES=1;
  75   5                                      }
  76   4                              }
  77   3                              ES=1;
  78   3                              flag=0;
  79   3                      }
  80   2         }
  81   1      }
  82          
  83          void ser() interrupt 4
  84          {
  85   1              RI=0;
  86   1              jieshou[x]=SBUF;
  87   1              x++;
  88   1              if(x==3)x=0;
  89   1              flag=1;
  90   1      }
  91          
  92          void time1() interrupt 1
  93          {
  94   1              TH0=(65536-50000)/256;
  95   1              TL0=(65536-50000)%256;
  96   1              miao++;
  97   1              if(miao==20)
  98   1              {
  99   2                       num++;
 100   2                       SBUF=table2[num/10];
 101   2                       while(!TI);
 102   2                       TI=0;
 103   2      
 104   2                       SBUF=table2[num%10];
 105   2                       while(!TI);
 106   2                       TI=0;
 107   2                       if(num==60)
 108   2                       {
 109   3                              num=0;
 110   3                       }
 111   2                       miao=0;
 112   2              }
 113   1      }
 114          
 115          void display(int num)
 116          {
 117   1              int j;
C51 COMPILER V9.01   CHUANKOU                                                              05/30/2017 19:50:17 PAGE 3   

 118   1              int shi,ge;
 119   1              shi=num/10;
 120   1              ge=num%10;
 121   1              P2=duan[0];
 122   1              P0=~wei[shi];
 123   1              j=500;
 124   1              while(j--);
 125   1              P0=0x00;
 126   1              
 127   1              P2=duan[1];
 128   1              P0=~wei[ge];
 129   1              j=500;
 130   1              while(j--);
 131   1              P0=0x00;                        
 132   1      }
 133          
 134          void init_chuankou()
 135          {
 136   1              TMOD=0X21;
 137   1              TH1=0XFD;
 138   1              TL1=0XFD;
 139   1              TR1=1;
 140   1              REN=1;
 141   1              SM0=0;
 142   1              SM1=1;
 143   1              EA=1;
 144   1              ES=1;
 145   1      }
 146          
 147          void delay(int c)
 148          {
 149   1              int a,b;
 150   1              for(a=c;a>0;a--)
 151   1                      for(b=110;b>0;b--);
 152   1      }
 153          
 154          
 155          
 156          
 157          
 158          
 159          
 160          
 161          
 162          
 163          
 164          
 165          
 166          //#include <reg51.h>
 167          //#define uchar unsigned char 
 168          //#define uint unsigned int
 169          //
 170          //unsigned char flag,a,i;
 171          //unsigned char code table[]="i get";
 172          //
 173          //void init_chuankou();
 174          //
 175          //void main()
 176          //{
 177          //      init_chuankou();
 178          //   while(1)
 179          //   {
C51 COMPILER V9.01   CHUANKOU                                                              05/30/2017 19:50:17 PAGE 4   

 180          //              if(flag==1)
 181          //              {
 182          //                      ES=0;
 183          //                      for(i=0;i<6;i++)
 184          //                      {
 185          //                              SBUF=table[i];
 186          //                              while(!TI);
 187          //                              TI=0;
 188          //                      }
 189          //                      SBUF=a;
 190          //                      while(!TI);
 191          //                      TI=0;
 192          //                      ES=1;
 193          //                      flag=0;
 194          //              }
 195          //   }
 196          //}
 197          //
 198          //void ser() interrupt 4
 199          //{
 200          //      RI=0;
 201          //      a=SBUF;
 202          //      flag=1;
 203          //}
 204          //
 205          //void init_chuankou()
 206          //{
 207          //      TMOD=0X20;
 208          //      TH1=0XFD;
 209          //      TL1=0XFD;
 210          //      TR1=1;
 211          //      REN=1;
 212          //      SM0=0;
 213          //      SM1=1;
 214          //      EA=1;
 215          //      ES=1;
 216          //}


MODULE INFORMATION:   STATIC OVERLAYABLE
   CODE SIZE        =    506    ----
   CONSTANT SIZE    =     53    ----
   XDATA SIZE       =   ----    ----
   PDATA SIZE       =   ----    ----
   DATA SIZE        =     12       2
   IDATA SIZE       =   ----    ----
   BIT SIZE         =   ----    ----
END OF MODULE INFORMATION.


C51 COMPILATION COMPLETE.  0 WARNING(S),  0 ERROR(S)
