C51 COMPILER V9.01   DA                                                                    05/08/2017 20:47:42 PAGE 1   


C51 COMPILER V9.01, COMPILATION OF MODULE DA
OBJECT MODULE PLACED IN DA.OBJ
COMPILER INVOKED BY: D:\keil4\C51\BIN\C51.EXE DA.c BROWSE DEBUG OBJECTEXTEND

line level    source

   1          #include<reg51.h>
   2          
   3          sbit pwm=P2^1;
   4          
   5          unsigned int temp=0,flag=0,chap=0;
   6          
   7          void main()
   8          {
   9   1              TMOD=0X01;
  10   1              TH0=0XFF;
  11   1              TL0=0XFF;
  12   1              EA=1;
  13   1              ET0=1;
  14   1              TR0=1;
  15   1              while(1)
  16   1              {       
  17   2                       if(temp>flag)
  18   2                              pwm=1;
  19   2                      else  pwm=0;
  20   2                      if(temp==20)
  21   2                      {
  22   3                              flag++;
  23   3                              temp=1;
  24   3                              if(flag>20)
  25   3                              chap=1;
  26   3                      }               
  27   2                      if(chap==1)
  28   2                      {
  29   3                              if(temp==20)
  30   3                              {
  31   4                                      flag--;
  32   4                                      temp=1;
  33   4                                      if(flag<1)
  34   4                                              chap=0;
  35   4                              }
  36   3                      }
  37   2      
  38   2              }
  39   1      }
  40          void time() interrupt 1
  41          {
  42   1              TH0=0xff;
  43   1              TL0=0XFF;
  44   1               temp++;
  45   1      }
  46          //
  47          //#include <reg52.h>
  48          //
  49          ////--定义使用的IO口--//
  50          //sbit PWM=P2^1;
  51          //bit DIR;
  52          //
  53          ////--定义一个全局变量--// 
  54          //unsigned int count,value,timer1;
  55          //
C51 COMPILER V9.01   DA                                                                    05/08/2017 20:47:42 PAGE 2   

  56          //void Time1Config();
  57          //
  58          ///*******************************************************************************
  59          //* 函 数 名       : main
  60          //* 函数功能             : 主函数
  61          //* 输    入       : 无
  62          //* 输    出       : 无
  63          //*******************************************************************************/
  64          //
  65          //void main(void)
  66          //{
  67          //      Time1Config();
  68          //      while(1)
  69          //      {  
  70          //              if(count>100)                                                   
  71          //              {  
  72          //                      count=0;
  73          //                      if(DIR==1)                                         //DIR控制增加或减小
  74          //                      {
  75          //                        value++;
  76          //                      }                       
  77          //                      if(DIR==0)
  78          //                      {
  79          //                        value--;
  80          //                      }
  81          //                              
  82          //              }
  83          //
  84          //              if(value==1000)
  85          //              {
  86          //                DIR=0;
  87          //              }
  88          //              if(value==0)
  89          //              {
  90          //                DIR=1;
  91          //              }       
  92          //                              
  93          //              if(timer1>1000)  //PWM周期为100*1us
  94          //              {
  95          //                      timer1=0;
  96          //              }
  97          //              if(timer1 <value)       
  98          //              {
  99          //                      PWM=1;
 100          //              }
 101          //              else
 102          //              {
 103          //                      PWM=0;
 104          //              }
 105          //      }
 106          //      
 107          //
 108          // }
 109          //
 110          ///*******************************************************************************
 111          //* 函 数 名       : Time1Config
 112          //* 函数功能             : 设置定时器
 113          //* 输    入       : 无
 114          //* 输    出       : 无
 115          //*******************************************************************************/
 116          //
 117          //void Time1Config()
C51 COMPILER V9.01   DA                                                                    05/08/2017 20:47:42 PAGE 3   

 118          //{
 119          //      TMOD|= 0x10;   //设置定时计数器工作方式1为定时器
 120          //
 121          //      //--定时器赋初始值，12MHZ下定时1us--//  
 122          //      TH1 = 0xFF; 
 123          //      TL1 = 0xff;
 124          //
 125          //      
 126          //      ET1 = 1;         //开启定时器1中断
 127          //      EA = 1;
 128          //      TR1 = 1;         //开启定时器   
 129          //}
 130          //
 131          ///*******************************************************************************
 132          //* 函 数 名       : Time1
 133          //* 函数功能             : 定时器1的中断函数
 134          //* 输    入       : 无
 135          //* 输    出       : 无
 136          //*******************************************************************************/
 137          //
 138          //void Time1(void) interrupt 3    //3 为定时器1的中断号  1 定时器0的中断号 0 外部中断1 2 外部中断2  4 串口
             -中断
 139          //{
 140          //      TH1 = 0xFF;  //重新赋初值
 141          //      TL1 = 0xFf;
 142          //      timer1++; 
 143          //    count++;
 144          //      
 145          //}
 146          //
 147          //


MODULE INFORMATION:   STATIC OVERLAYABLE
   CODE SIZE        =    136    ----
   CONSTANT SIZE    =   ----    ----
   XDATA SIZE       =   ----    ----
   PDATA SIZE       =   ----    ----
   DATA SIZE        =      6    ----
   IDATA SIZE       =   ----    ----
   BIT SIZE         =   ----    ----
END OF MODULE INFORMATION.


C51 COMPILATION COMPLETE.  0 WARNING(S),  0 ERROR(S)
