C51 COMPILER V9.01   2                                                                     12/17/2017 23:08:41 PAGE 1   


C51 COMPILER V9.01, COMPILATION OF MODULE 2
OBJECT MODULE PLACED IN 2.OBJ
COMPILER INVOKED BY: D:\keil4\C51\BIN\C51.EXE 2.c BROWSE DEBUG OBJECTEXTEND

line level    source

   1          #include<reg52.h>
   2          #define key P1
   3          
   4          unsigned char code display[17]={
   5          0x3f,0x06,0x5b,0x4f,0x66,0x6d,0x7d,0x07,
   6          0x7f,0x6f,0x77,0x7c,0x39,0x5e,0x79,0x71};
   7          
   8          void keyscan();
   9          void delay(int c);
  10          
  11          int   KeyValue;
  12          
  13          void main()
  14          {
  15   1              while(1)
  16   1              {
  17   2                       keyscan();
  18   2              }
  19   1      }
  20          
  21          void keyscan(void)
  22          {
  23   1              key=0x0f;
  24   1              if(key!=0x0f) 
  25   1              {
  26   2                      delay(10); 
  27   2                      if(key!=0x0f) 
  28   2                      {
  29   3                              
  30   3                       
  31   3                              key=0X0F;
  32   3                              switch(key)
  33   3                              {
  34   4                                      case(0X07):     KeyValue=0;break;
  35   4                                      case(0X0b):     KeyValue=4;break;
  36   4                                      case(0X0d): KeyValue=8;break;
  37   4                                      case(0X0e):     KeyValue=12;break;
  38   4                              }
  39   3                               
  40   3                              key=0XF0;
  41   3                              switch(key)
  42   3                              {
  43   4                                      case(0X70):     KeyValue=KeyValue+3;break;
  44   4                                      case(0Xb0):     KeyValue=KeyValue+2;break;
  45   4                                      case(0Xd0): KeyValue=KeyValue+1;break;
  46   4                                      case(0Xe0):     KeyValue=KeyValue;break;
  47   4                              }
  48   3                              delay(10);
  49   3                               
  50   3                      }
  51   2              }
  52   1      }
  53          
  54          void delay(int c)
  55          {
C51 COMPILER V9.01   2                                                                     12/17/2017 23:08:41 PAGE 2   

  56   1              int a,b;
  57   1              for(a=0;a<c;a++)
  58   1                      for(b=0;b<110;b++);
  59   1      }


MODULE INFORMATION:   STATIC OVERLAYABLE
   CODE SIZE        =    181    ----
   CONSTANT SIZE    =     17    ----
   XDATA SIZE       =   ----    ----
   PDATA SIZE       =   ----    ----
   DATA SIZE        =      2    ----
   IDATA SIZE       =   ----    ----
   BIT SIZE         =   ----    ----
END OF MODULE INFORMATION.


C51 COMPILATION COMPLETE.  0 WARNING(S),  0 ERROR(S)
